<?xml version="1.0" encoding="UTF-8"?>
<!-- Generated by org.testng.reporters.JUnitReportReporter -->
<testsuite hostname="DESKTOP-J6RJ8UK" failures="0" tests="1" name="org.test.java.clas.Testng" time="0.192" errors="0" timestamp="30 Oct 2018 17:19:12 GMT" skipped="0">
  <testcase classname="org.test.java.clas.Testng" name="testMethod" time="0.192"/>
</testsuite> <!-- org.test.java.clas.Testng -->
