<?xml version="1.0" encoding="UTF-8"?>
<!-- Generated by org.testng.reporters.JUnitReportReporter -->
<testsuite hostname="DESKTOP-J6RJ8UK" failures="0" tests="1" name="org.main.java.clas.testng2" time="0.014" errors="0" timestamp="30 Oct 2018 06:05:11 GMT" skipped="0">
  <testcase classname="org.main.java.clas.testng2" name="test1" time="0.014"/>
</testsuite> <!-- org.main.java.clas.testng2 -->
